Using pre-set license
Built from '2021.1/staging' branch; Version is '2021.1.2f1 (e5d502d80fbb) revision 15062274'; Using compiler version '192528614'; Build Type 'Release'
OS: 'Windows 10 Pro; OS build 19042.867; Version 2009; 64bit' Language: 'en' Physical Memory: 16323 MB
BatchMode: 1, IsHumanControllingUs: 0, StartBugReporterOnCrash: 0, Is64bit: 1, IsPro: 0

 COMMAND LINE ARGUMENTS:
C:\Program Files\Unity\Hub\Editor\2021.1.2f1\Editor\Unity.exe
-adb2
-batchMode
-noUpm
-name
AssetImportWorker0
-projectPath
C:/Users/ilsem/Desktop/BCGD YEAR 3/GADE7311/18023892_GADE7311_POE/18023892Brink_GADE7311_POE
-logFile
Logs/AssetImportWorker0.log
-srvPort
64759
Successfully changed project path to: C:/Users/ilsem/Desktop/BCGD YEAR 3/GADE7311/18023892_GADE7311_POE/18023892Brink_GADE7311_POE
C:/Users/ilsem/Desktop/BCGD YEAR 3/GADE7311/18023892_GADE7311_POE/18023892Brink_GADE7311_POE
Using Asset Import Pipeline V2.
Refreshing native plugins compatible for Editor in 18.13 ms, found 0 plugins.
Preloading 0 native plugins for Editor in 0.00 ms.
Initialize engine version: 2021.1.2f1 (e5d502d80fbb)
[Subsystems] Discovering subsystems at path C:/Program Files/Unity/Hub/Editor/2021.1.2f1/Editor/Data/Resources/UnitySubsystems
[Subsystems] Discovering subsystems at path C:/Users/ilsem/Desktop/BCGD YEAR 3/GADE7311/18023892_GADE7311_POE/18023892Brink_GADE7311_POE/Assets
GfxDevice: creating device client; threaded=0; jobified=0
Direct3D:
    Version:  Direct3D 11.0 [level 11.1]
    Renderer: NVIDIA GeForce RTX 2060 (ID=0x1f08)
    Vendor:   NVIDIA
    VRAM:     5980 MB
    Driver:   27.21.14.6089
Initialize mono
Mono path[0] = 'C:/Program Files/Unity/Hub/Editor/2021.1.2f1/Editor/Data/Managed'
Mono path[1] = 'C:/Program Files/Unity/Hub/Editor/2021.1.2f1/Editor/Data/MonoBleedingEdge/lib/mono/unityjit'
Mono config path = 'C:/Program Files/Unity/Hub/Editor/2021.1.2f1/Editor/Data/MonoBleedingEdge/etc'
Using monoOptions --debugger-agent=transport=dt_socket,embedding=1,server=y,suspend=n,address=127.0.0.1:56972
Begin MonoManager ReloadAssembly
Registering precompiled unity dll's ...
Register platform support module: C:/Program Files/Unity/Hub/Editor/2021.1.2f1/Editor/Data/PlaybackEngines/WindowsStandaloneSupport/UnityEditor.WindowsStandalone.Extensions.dll
Registered in 0.000946 seconds.
Native extension for WindowsStandalone target not found
Refreshing native plugins compatible for Editor in 18.39 ms, found 0 plugins.
Preloading 0 native plugins for Editor in 0.00 ms.
Mono: successfully reloaded assembly
- Completed reload, in  0.920 seconds
Platform modules already initialized, skipping
Registering precompiled user dll's ...
Registered in 0.000399 seconds.
Begin MonoManager ReloadAssembly
Native extension for WindowsStandalone target not found
Refreshing native plugins compatible for Editor in 0.17 ms, found 0 plugins.
Preloading 0 native plugins for Editor in 0.00 ms.
Mono: successfully reloaded assembly
- Completed reload, in  0.715 seconds
Platform modules already initialized, skipping
========================================================================
Worker process is ready to serve import requests
Launched and connected shader compiler UnityShaderCompiler.exe after 0.04 seconds
Refreshing native plugins compatible for Editor in 0.17 ms, found 0 plugins.
Preloading 0 native plugins for Editor in 0.00 ms.
Unloading 1128 Unused Serialized files (Serialized files now loaded: 0)
System memory in use before: 58.9 MB.
System memory in use after: 59.0 MB.

Unloading 9 unused Assets to reduce memory usage. Loaded Objects now: 1587.
Total: 1.685800 ms (FindLiveObjects: 0.196300 ms CreateObjectMapping: 0.158300 ms MarkObjects: 1.285300 ms  DeleteObjects: 0.044500 ms)

========================================================================
Received Import Request.
  path: Assets/ObjectData/TextFiles/PayerNames.txt
  artifactKey: Guid(0dd37334c04d3384ba2634b98f6cbc21) Importer(815301076,1909f56bfc062723c751e8b465ee728b)
Start importing Assets/ObjectData/TextFiles/PayerNames.txt using Guid(0dd37334c04d3384ba2634b98f6cbc21) Importer(815301076,1909f56bfc062723c751e8b465ee728b)  -> (artifact id: '0f5013be8cbe479109d42c74a21fda1b') in 0.024637 seconds 
========================================================================
Received Prepare
Registering precompiled user dll's ...
Registered in 0.000437 seconds.
Begin MonoManager ReloadAssembly
Native extension for WindowsStandalone target not found
Refreshing native plugins compatible for Editor in 0.17 ms, found 0 plugins.
Preloading 0 native plugins for Editor in 0.00 ms.
Mono: successfully reloaded assembly
- Completed reload, in  0.665 seconds
Platform modules already initialized, skipping
Refreshing native plugins compatible for Editor in 0.17 ms, found 0 plugins.
Preloading 0 native plugins for Editor in 0.00 ms.
Unloading 1123 Unused Serialized files (Serialized files now loaded: 0)
System memory in use before: 58.8 MB.
System memory in use after: 58.9 MB.

Unloading 4 unused Assets to reduce memory usage. Loaded Objects now: 1590.
Total: 1.460000 ms (FindLiveObjects: 0.094500 ms CreateObjectMapping: 0.027400 ms MarkObjects: 1.327800 ms  DeleteObjects: 0.009400 ms)

========================================================================
Received Prepare
Registering precompiled user dll's ...
Registered in 0.000546 seconds.
Begin MonoManager ReloadAssembly
Native extension for WindowsStandalone target not found
Refreshing native plugins compatible for Editor in 0.18 ms, found 0 plugins.
Preloading 0 native plugins for Editor in 0.00 ms.
Mono: successfully reloaded assembly
- Completed reload, in  0.658 seconds
Platform modules already initialized, skipping
Refreshing native plugins compatible for Editor in 0.17 ms, found 0 plugins.
Preloading 0 native plugins for Editor in 0.00 ms.
Unloading 1123 Unused Serialized files (Serialized files now loaded: 0)
System memory in use before: 58.9 MB.
System memory in use after: 59.0 MB.

Unloading 4 unused Assets to reduce memory usage. Loaded Objects now: 1593.
Total: 1.436900 ms (FindLiveObjects: 0.108000 ms CreateObjectMapping: 0.035700 ms MarkObjects: 1.281900 ms  DeleteObjects: 0.010100 ms)

========================================================================
Received Import Request.
  Time since last request: 103.395261 seconds.
  path: Assets/Materials/Ground.mat
  artifactKey: Guid(3d0ab8b90318cc4408dbc74ace121d9b) Importer(815301076,1909f56bfc062723c751e8b465ee728b)
Start importing Assets/Materials/Ground.mat using Guid(3d0ab8b90318cc4408dbc74ace121d9b) Importer(815301076,1909f56bfc062723c751e8b465ee728b)  -> (artifact id: '957e62b634da46bc5971d4c68ff670d6') in 0.100214 seconds 
========================================================================
Received Prepare
Registering precompiled user dll's ...
Registered in 0.000402 seconds.
Begin MonoManager ReloadAssembly
Native extension for WindowsStandalone target not found
Refreshing native plugins compatible for Editor in 0.17 ms, found 0 plugins.
Preloading 0 native plugins for Editor in 0.00 ms.
Mono: successfully reloaded assembly
- Completed reload, in  0.651 seconds
Platform modules already initialized, skipping
Refreshing native plugins compatible for Editor in 0.18 ms, found 0 plugins.
Preloading 0 native plugins for Editor in 0.00 ms.
Unloading 1123 Unused Serialized files (Serialized files now loaded: 0)
System memory in use before: 62.9 MB.
System memory in use after: 63.0 MB.

Unloading 4 unused Assets to reduce memory usage. Loaded Objects now: 1636.
Total: 1.490700 ms (FindLiveObjects: 0.116100 ms CreateObjectMapping: 0.028700 ms MarkObjects: 1.334800 ms  DeleteObjects: 0.009800 ms)

AssetImportWorkerClient::OnTransportError - code=2 error=End of file
